c:\users\吴松青\source\repos\shudutable\shudutable\debug\vc141.pdb
c:\users\吴松青\source\repos\shudutable\shudutable\debug\vc141.idb
c:\users\吴松青\source\repos\shudutable\shudutable\debug\main.obj
c:\users\吴松青\source\repos\shudutable\shudutable\debug\shudutable.pdb
c:\users\吴松青\source\repos\shudutable\shudutable\debug\shudutable.idb
c:\users\吴松青\source\repos\shudutable\shudutable\debug\shudu.obj
c:\users\吴松青\source\repos\shudutable\debug\shudutable.lib
c:\users\吴松青\source\repos\shudutable\debug\shudutable.exe
c:\users\吴松青\source\repos\shudutable\debug\shudutable.ilk
c:\users\吴松青\source\repos\shudutable\debug\lnk{59f283a4-3a64-41a5-84d1-cf629a7830cc}.tmp
c:\users\吴松青\source\repos\shudutable\debug\shudutable.pdb
c:\users\吴松青\source\repos\shudutable\debug\shudutable.exp
c:\users\吴松青\source\repos\shudutable\shudutable\debug\shudutable.tlog\cl.command.1.tlog
c:\users\吴松青\source\repos\shudutable\shudutable\debug\shudutable.tlog\cl.read.1.tlog
c:\users\吴松青\source\repos\shudutable\shudutable\debug\shudutable.tlog\cl.write.1.tlog
c:\users\吴松青\source\repos\shudutable\shudutable\debug\shudutable.tlog\lib-link.read.1.tlog
c:\users\吴松青\source\repos\shudutable\shudutable\debug\shudutable.tlog\lib-link.write.1.tlog
c:\users\吴松青\source\repos\shudutable\shudutable\debug\shudutable.tlog\lib.command.1.tlog
c:\users\吴松青\source\repos\shudutable\shudutable\debug\shudutable.tlog\link.10304.delete.1.tlog
c:\users\吴松青\source\repos\shudutable\shudutable\debug\shudutable.tlog\link.11192.delete.1.tlog
c:\users\吴松青\source\repos\shudutable\shudutable\debug\shudutable.tlog\link.1148.delete.1.tlog
c:\users\吴松青\source\repos\shudutable\shudutable\debug\shudutable.tlog\link.11484.delete.1.tlog
c:\users\吴松青\source\repos\shudutable\shudutable\debug\shudutable.tlog\link.12160.delete.1.tlog
c:\users\吴松青\source\repos\shudutable\shudutable\debug\shudutable.tlog\link.13248.delete.1.tlog
c:\users\吴松青\source\repos\shudutable\shudutable\debug\shudutable.tlog\link.2104.delete.1.tlog
c:\users\吴松青\source\repos\shudutable\shudutable\debug\shudutable.tlog\link.4000.delete.1.tlog
c:\users\吴松青\source\repos\shudutable\shudutable\debug\shudutable.tlog\link.5208.delete.1.tlog
c:\users\吴松青\source\repos\shudutable\shudutable\debug\shudutable.tlog\link.6944.delete.1.tlog
c:\users\吴松青\source\repos\shudutable\shudutable\debug\shudutable.tlog\link.824.delete.1.tlog
c:\users\吴松青\source\repos\shudutable\shudutable\debug\shudutable.tlog\link.command.1.tlog
c:\users\吴松青\source\repos\shudutable\shudutable\debug\shudutable.tlog\link.read.1.tlog
c:\users\吴松青\source\repos\shudutable\shudutable\debug\shudutable.tlog\link.write.1.tlog
c:\users\吴松青\source\repos\shudutable\shudutable\debug\shudutable.tlog\shudutable.write.1u.tlog
